<?xml version="1.0" encoding="UTF-8"?>
<!-- Generated by org.testng.reporters.JUnitReportReporter -->
<testsuite hostname="KhoaHa" name="com.Testsuites.Login" tests="1" failures="0" timestamp="24 Aug 2016 11:45:55 GMT" time="12.321" errors="0">
  <testcase name="Login" time="12.321" classname="com.Testsuites.Login"/>
</testsuite> <!-- com.Testsuites.Login -->
